<?xml version="1.0" encoding="UTF-8"?>
<!-- Generated by org.testng.reporters.JUnitReportReporter -->
<testsuite hostname="DESKTOP-72BROTF" failures="0" tests="1" name="testpackage.testclass" time="7.311" errors="0" timestamp="2024-03-04T18:03:28 IST" skipped="0">
  <testcase classname="testpackage.testclass" name="logintest" time="7.311"/>
  <system-out/>
</testsuite> <!-- testpackage.testclass -->
